Mensaje I / 00:00:00:000 / Root(00) para top(01)
Mensaje I / 00:00:00:000 / top(01) para nodea(02)
Mensaje I / 00:00:00:000 / top(01) para nodeb(03)
Mensaje I / 00:00:00:000 / top(01) para nodec(04)
Mensaje I / 00:00:00:000 / top(01) para noded(05)
Mensaje I / 00:00:00:000 / top(01) para nodee(06)
Mensaje I / 00:00:00:000 / top(01) para nodef(07)
Mensaje I / 00:00:00:000 / top(01) para nodeg(08)
Mensaje I / 00:00:00:000 / top(01) para nodeh(09)
Mensaje D / 00:00:00:000 / nodea(02) / ... para top(01)
Mensaje D / 00:00:00:000 / nodeb(03) / ... para top(01)
Mensaje D / 00:00:00:000 / nodec(04) / ... para top(01)
Mensaje D / 00:00:00:000 / noded(05) / ... para top(01)
Mensaje D / 00:00:00:000 / nodee(06) / ... para top(01)
Mensaje D / 00:00:00:000 / nodef(07) / ... para top(01)
Mensaje D / 00:00:00:000 / nodeg(08) / ... para top(01)
Mensaje D / 00:00:00:000 / nodeh(09) / ... para top(01)
Mensaje D / 00:00:00:000 / top(01) / ... para Root(00)
Mensaje X / 00:00:00:000 / Root(00) / wakeupc /      1.00000 para top(01)
Mensaje X / 00:00:00:000 / top(01) / wakeup /      1.00000 para nodec(04)
Mensaje D / 00:00:00:000 / nodec(04) / 00:00:01:000 para top(01)
Mensaje D / 00:00:00:000 / top(01) / 00:00:01:000 para Root(00)
Mensaje X / 00:00:00:050 / Root(00) / wakeupf /      1.00000 para top(01)
Mensaje X / 00:00:00:050 / top(01) / wakeup /      1.00000 para nodef(07)
Mensaje D / 00:00:00:050 / nodef(07) / 00:00:01:000 para top(01)
Mensaje D / 00:00:00:050 / top(01) / 00:00:00:950 para Root(00)
Mensaje * / 00:00:01:000 / Root(00) para top(01)
Mensaje * / 00:00:01:000 / top(01) para nodec(04)
Mensaje Y / 00:00:01:000 / nodec(04) / outl /      3.00000 para top(01)
Mensaje D / 00:00:01:000 / nodec(04) / ... para top(01)
Mensaje X / 00:00:01:000 / top(01) / inr /      3.00000 para nodeb(03)
Mensaje D / 00:00:01:000 / nodeb(03) / 00:00:01:000 para top(01)
Mensaje D / 00:00:01:000 / top(01) / 00:00:00:050 para Root(00)
Mensaje * / 00:00:01:050 / Root(00) para top(01)
Mensaje * / 00:00:01:050 / top(01) para nodef(07)
Mensaje Y / 00:00:01:050 / nodef(07) / outl /      6.00000 para top(01)
Mensaje D / 00:00:01:050 / nodef(07) / ... para top(01)
Mensaje X / 00:00:01:050 / top(01) / inr /      6.00000 para nodee(06)
Mensaje D / 00:00:01:050 / nodee(06) / 00:00:01:000 para top(01)
Mensaje D / 00:00:01:050 / top(01) / 00:00:00:950 para Root(00)
Mensaje * / 00:00:02:000 / Root(00) para top(01)
Mensaje * / 00:00:02:000 / top(01) para nodeb(03)
Mensaje Y / 00:00:02:000 / nodeb(03) / outl /      2.00000 para top(01)
Mensaje D / 00:00:02:000 / nodeb(03) / ... para top(01)
Mensaje X / 00:00:02:000 / top(01) / inr /      2.00000 para nodea(02)
Mensaje D / 00:00:02:000 / nodea(02) / 00:00:01:000 para top(01)
Mensaje D / 00:00:02:000 / top(01) / 00:00:00:050 para Root(00)
Mensaje * / 00:00:02:050 / Root(00) para top(01)
Mensaje * / 00:00:02:050 / top(01) para nodee(06)
Mensaje Y / 00:00:02:050 / nodee(06) / outl /      5.00000 para top(01)
Mensaje D / 00:00:02:050 / nodee(06) / ... para top(01)
Mensaje X / 00:00:02:050 / top(01) / inr /      5.00000 para noded(05)
Mensaje D / 00:00:02:050 / noded(05) / 00:00:01:000 para top(01)
Mensaje D / 00:00:02:050 / top(01) / 00:00:00:950 para Root(00)
Mensaje * / 00:00:03:000 / Root(00) para top(01)
Mensaje * / 00:00:03:000 / top(01) para nodea(02)
Mensaje Y / 00:00:03:000 / nodea(02) / outl /      1.00000 para top(01)
Mensaje D / 00:00:03:000 / nodea(02) / ... para top(01)
Mensaje X / 00:00:03:000 / top(01) / inr /      1.00000 para nodeh(09)
Mensaje D / 00:00:03:000 / nodeh(09) / 00:00:01:000 para top(01)
Mensaje D / 00:00:03:000 / top(01) / 00:00:00:050 para Root(00)
Mensaje * / 00:00:03:050 / Root(00) para top(01)
Mensaje * / 00:00:03:050 / top(01) para noded(05)
Mensaje Y / 00:00:03:050 / noded(05) / outl /      4.00000 para top(01)
Mensaje D / 00:00:03:050 / noded(05) / ... para top(01)
Mensaje X / 00:00:03:050 / top(01) / inr /      4.00000 para nodec(04)
Mensaje D / 00:00:03:050 / nodec(04) / 00:00:01:000 para top(01)
Mensaje D / 00:00:03:050 / top(01) / 00:00:00:950 para Root(00)
Mensaje * / 00:00:04:000 / Root(00) para top(01)
Mensaje * / 00:00:04:000 / top(01) para nodeh(09)
Mensaje Y / 00:00:04:000 / nodeh(09) / outl /      1.00000 para top(01)
Mensaje D / 00:00:04:000 / nodeh(09) / ... para top(01)
Mensaje X / 00:00:04:000 / top(01) / inr /      1.00000 para nodeg(08)
Mensaje D / 00:00:04:000 / nodeg(08) / 00:00:01:000 para top(01)
Mensaje D / 00:00:04:000 / top(01) / 00:00:00:050 para Root(00)
Mensaje * / 00:00:04:050 / Root(00) para top(01)
Mensaje * / 00:00:04:050 / top(01) para nodec(04)
Mensaje Y / 00:00:04:050 / nodec(04) / outl /      3.00000 para top(01)
Mensaje D / 00:00:04:050 / nodec(04) / ... para top(01)
Mensaje X / 00:00:04:050 / top(01) / inr /      3.00000 para nodeb(03)
Mensaje D / 00:00:04:050 / nodeb(03) / 00:00:01:000 para top(01)
Mensaje D / 00:00:04:050 / top(01) / 00:00:00:950 para Root(00)
Mensaje * / 00:00:05:000 / Root(00) para top(01)
Mensaje * / 00:00:05:000 / top(01) para nodeg(08)
Mensaje Y / 00:00:05:000 / nodeg(08) / outl /      1.00000 para top(01)
Mensaje D / 00:00:05:000 / nodeg(08) / ... para top(01)
Mensaje X / 00:00:05:000 / top(01) / inr /      1.00000 para nodef(07)
Mensaje D / 00:00:05:000 / nodef(07) / 00:00:01:000 para top(01)
Mensaje D / 00:00:05:000 / top(01) / 00:00:00:050 para Root(00)
Mensaje * / 00:00:05:050 / Root(00) para top(01)
Mensaje * / 00:00:05:050 / top(01) para nodeb(03)
Mensaje Y / 00:00:05:050 / nodeb(03) / outl /      2.00000 para top(01)
Mensaje D / 00:00:05:050 / nodeb(03) / ... para top(01)
Mensaje X / 00:00:05:050 / top(01) / inr /      2.00000 para nodea(02)
Mensaje D / 00:00:05:050 / nodea(02) / 00:00:01:000 para top(01)
Mensaje D / 00:00:05:050 / top(01) / 00:00:00:950 para Root(00)
Mensaje * / 00:00:06:000 / Root(00) para top(01)
Mensaje * / 00:00:06:000 / top(01) para nodef(07)
Mensaje Y / 00:00:06:000 / nodef(07) / outl /      1.00000 para top(01)
Mensaje D / 00:00:06:000 / nodef(07) / ... para top(01)
Mensaje X / 00:00:06:000 / top(01) / inr /      1.00000 para nodee(06)
Mensaje D / 00:00:06:000 / nodee(06) / 00:00:01:000 para top(01)
Mensaje D / 00:00:06:000 / top(01) / 00:00:00:050 para Root(00)
Mensaje * / 00:00:06:050 / Root(00) para top(01)
Mensaje * / 00:00:06:050 / top(01) para nodea(02)
Mensaje Y / 00:00:06:050 / nodea(02) / outl /      1.00000 para top(01)
Mensaje D / 00:00:06:050 / nodea(02) / ... para top(01)
Mensaje X / 00:00:06:050 / top(01) / inr /      1.00000 para nodeh(09)
Mensaje D / 00:00:06:050 / nodeh(09) / ... para top(01)
Mensaje D / 00:00:06:050 / top(01) / 00:00:00:950 para Root(00)
Mensaje * / 00:00:07:000 / Root(00) para top(01)
Mensaje * / 00:00:07:000 / top(01) para nodee(06)
Mensaje Y / 00:00:07:000 / nodee(06) / outl /      1.00000 para top(01)
Mensaje D / 00:00:07:000 / nodee(06) / ... para top(01)
Mensaje X / 00:00:07:000 / top(01) / inr /      1.00000 para noded(05)
Mensaje D / 00:00:07:000 / noded(05) / 00:00:01:000 para top(01)
Mensaje D / 00:00:07:000 / top(01) / 00:00:01:000 para Root(00)
Mensaje * / 00:00:08:000 / Root(00) para top(01)
Mensaje * / 00:00:08:000 / top(01) para noded(05)
Mensaje Y / 00:00:08:000 / noded(05) / outl /      1.00000 para top(01)
Mensaje D / 00:00:08:000 / noded(05) / ... para top(01)
Mensaje X / 00:00:08:000 / top(01) / inr /      1.00000 para nodec(04)
Mensaje D / 00:00:08:000 / nodec(04) / 00:00:01:000 para top(01)
Mensaje D / 00:00:08:000 / top(01) / 00:00:01:000 para Root(00)
Mensaje * / 00:00:09:000 / Root(00) para top(01)
Mensaje * / 00:00:09:000 / top(01) para nodec(04)
Mensaje Y / 00:00:09:000 / nodec(04) / outl /      1.00000 para top(01)
Mensaje D / 00:00:09:000 / nodec(04) / ... para top(01)
Mensaje X / 00:00:09:000 / top(01) / inr /      1.00000 para nodeb(03)
Mensaje D / 00:00:09:000 / nodeb(03) / 00:00:01:000 para top(01)
Mensaje D / 00:00:09:000 / top(01) / 00:00:01:000 para Root(00)
Mensaje * / 00:00:10:000 / Root(00) para top(01)
Mensaje * / 00:00:10:000 / top(01) para nodeb(03)
Mensaje Y / 00:00:10:000 / nodeb(03) / outl /      1.00000 para top(01)
Mensaje D / 00:00:10:000 / nodeb(03) / ... para top(01)
Mensaje X / 00:00:10:000 / top(01) / inr /      1.00000 para nodea(02)
Mensaje D / 00:00:10:000 / nodea(02) / 00:00:01:000 para top(01)
Mensaje D / 00:00:10:000 / top(01) / 00:00:01:000 para Root(00)
Mensaje * / 00:00:11:000 / Root(00) para top(01)
Mensaje * / 00:00:11:000 / top(01) para nodea(02)
Mensaje Y / 00:00:11:000 / nodea(02) / outdone /      1.00000 para top(01)
Mensaje D / 00:00:11:000 / nodea(02) / ... para top(01)
Mensaje Y / 00:00:11:000 / top(01) / out /      1.00000 para Root(00)
Mensaje D / 00:00:11:000 / top(01) / ... para Root(00)
